[INFO] Scanning for projects...
Downloading from aliyun-central: https://maven.aliyun.com/repository/central/org/flywaydb/maven-metadata.xml
Downloading from aliyun-central: https://maven.aliyun.com/repository/central/org/springframework/boot/maven-metadata.xml
Downloading from aliyun-central: https://maven.aliyun.com/repository/central/org/cyclonedx/maven-metadata.xml
Downloading from aliyun-central: https://maven.aliyun.com/repository/central/io/github/git-commit-id/maven-metadata.xml
Progress (1): 250 BProgress (2): 250 B | 256 BProgress (3): 250 B | 256 B | 244 BProgress (4): 250 B | 256 B | 244 B | 235 B                                           Downloaded from aliyun-central: https://maven.aliyun.com/repository/central/io/github/git-commit-id/maven-metadata.xml (256 B at 280 B/s)
Downloading from aliyun-central: https://maven.aliyun.com/repository/central/org/jooq/maven-metadata.xml
Downloaded from aliyun-central: https://maven.aliyun.com/repository/central/org/springframework/boot/maven-metadata.xml (250 B at 272 B/s)
Downloading from aliyun-central: https://maven.aliyun.com/repository/central/org/jetbrains/kotlin/maven-metadata.xml
Downloaded from aliyun-central: https://maven.aliyun.com/repository/central/org/cyclonedx/maven-metadata.xml (244 B at 255 B/s)
Downloading from aliyun-central: https://maven.aliyun.com/repository/central/org/liquibase/maven-metadata.xml
Downloaded from aliyun-central: https://maven.aliyun.com/repository/central/org/flywaydb/maven-metadata.xml (235 B at 245 B/s)
Downloading from aliyun-central: https://maven.aliyun.com/repository/central/org/graalvm/buildtools/maven-metadata.xml
Progress (1): 376 BProgress (2): 376 B | 399 BProgress (3): 376 B | 399 B | 243 BProgress (4): 376 B | 399 B | 243 B | 395 B                                           Downloaded from aliyun-central: https://maven.aliyun.com/repository/central/org/jooq/maven-metadata.xml (399 B at 658 B/s)
Downloading from aliyun-central: https://maven.aliyun.com/repository/central/org/apache/maven/plugins/maven-metadata.xml
Downloaded from aliyun-central: https://maven.aliyun.com/repository/central/org/jetbrains/kotlin/maven-metadata.xml (376 B at 613 B/s)
Downloading from aliyun-central: https://maven.aliyun.com/repository/central/org/codehaus/mojo/maven-metadata.xml
Downloaded from aliyun-central: https://maven.aliyun.com/repository/central/org/graalvm/buildtools/maven-metadata.xml (243 B at 388 B/s)
Downloaded from aliyun-central: https://maven.aliyun.com/repository/central/org/liquibase/maven-metadata.xml (395 B at 486 B/s)
Progress (1): 7.3/10 kBProgress (1): 7.7/10 kBProgress (1): 10 kB    Progress (2): 10 kB | 1.8/21 kBProgress (2): 10 kB | 18/21 kB Progress (2): 10 kB | 21 kB                              Downloaded from aliyun-central: https://maven.aliyun.com/repository/central/org/apache/maven/plugins/maven-metadata.xml (10 kB at 18 kB/s)
Downloaded from aliyun-central: https://maven.aliyun.com/repository/central/org/codehaus/mojo/maven-metadata.xml (21 kB at 33 kB/s)
[INFO] 
[INFO] ---------------< com.graduation:assignment-auto-grading >---------------
[INFO] Building assignment-auto-grading 0.0.1-SNAPSHOT
[INFO]   from pom.xml
[INFO] --------------------------------[ jar ]---------------------------------
[INFO] 
[INFO] >>> spring-boot:3.3.5:run (default-cli) > test-compile @ assignment-auto-grading >>>
[INFO] 
[INFO] --- resources:3.3.1:resources (default-resources) @ assignment-auto-grading ---
[INFO] Copying 2 resources from src\main\resources to target\classes
[INFO] Copying 6 resources from src\main\resources to target\classes
[INFO] 
[INFO] --- compiler:3.13.0:compile (default-compile) @ assignment-auto-grading ---
[WARNING]  Parameter 'compilerVersion' (user property 'maven.compiler.compilerVersion') is deprecated: This parameter is no longer evaluated by the underlying compilers, instead the actual version of the javac binary is automatically retrieved.
[INFO] Nothing to compile - all classes are up to date.
[INFO] 
[INFO] --- resources:3.3.1:testResources (default-testResources) @ assignment-auto-grading ---
[INFO] Copying 1 resource from src\test\resources to target\test-classes
[INFO] 
[INFO] --- compiler:3.13.0:testCompile (default-testCompile) @ assignment-auto-grading ---
[WARNING]  Parameter 'compilerVersion' (user property 'maven.compiler.compilerVersion') is deprecated: This parameter is no longer evaluated by the underlying compilers, instead the actual version of the javac binary is automatically retrieved.
[INFO] Nothing to compile - all classes are up to date.
[INFO] 
[INFO] <<< spring-boot:3.3.5:run (default-cli) < test-compile @ assignment-auto-grading <<<
[INFO] 
[INFO] 
[INFO] --- spring-boot:3.3.5:run (default-cli) @ assignment-auto-grading ---
[INFO] Attaching agents: []

  .   ____          _            __ _ _
 /\\ / ___'_ __ _ _(_)_ __  __ _ \ \ \ \
( ( )\___ | '_ | '_| | '_ \/ _` | \ \ \ \
 \\/  ___)| |_)| | | | | || (_| |  ) ) ) )
  '  |____| .__|_| |_|_| |_\__, | / / / /
 =========|_|==============|___/=/_/_/_/

 :: Spring Boot ::                (v3.3.5)

2026-05-14T19:26:14.695+08:00  INFO 36580 --- [           main] c.g.a.AssignmentAutoGradingApplication   : Starting AssignmentAutoGradingApplication using Java 21.0.10 with PID 36580 (D:\Graduation project\Java\target\classes started by wek in D:\Graduation project\Java)
2026-05-14T19:26:14.697+08:00  INFO 36580 --- [           main] c.g.a.AssignmentAutoGradingApplication   : The following 1 profile is active: "demo"
2026-05-14T19:26:15.613+08:00  INFO 36580 --- [           main] .s.d.r.c.RepositoryConfigurationDelegate : Bootstrapping Spring Data JPA repositories in DEFAULT mode.
2026-05-14T19:26:15.776+08:00  INFO 36580 --- [           main] .s.d.r.c.RepositoryConfigurationDelegate : Finished Spring Data repository scanning in 156 ms. Found 9 JPA repository interfaces.
2026-05-14T19:26:16.277+08:00  INFO 36580 --- [           main] o.s.b.w.embedded.tomcat.TomcatWebServer  : Tomcat initialized with port 8080 (http)
2026-05-14T19:26:16.294+08:00  INFO 36580 --- [           main] o.apache.catalina.core.StandardService   : Starting service [Tomcat]
2026-05-14T19:26:16.294+08:00  INFO 36580 --- [           main] o.apache.catalina.core.StandardEngine    : Starting Servlet engine: [Apache Tomcat/10.1.31]
2026-05-14T19:26:16.349+08:00  INFO 36580 --- [           main] o.a.c.c.C.[Tomcat].[localhost].[/]       : Initializing Spring embedded WebApplicationContext
2026-05-14T19:26:16.350+08:00  INFO 36580 --- [           main] w.s.c.ServletWebServerApplicationContext : Root WebApplicationContext: initialization completed in 1594 ms
2026-05-14T19:26:16.381+08:00  INFO 36580 --- [           main] com.zaxxer.hikari.HikariDataSource       : HikariPool-1 - Starting...
2026-05-14T19:26:16.627+08:00  INFO 36580 --- [           main] com.zaxxer.hikari.pool.HikariPool        : HikariPool-1 - Added connection conn0: url=jdbc:h2:file:./data/auto_grading_demo user=SA
2026-05-14T19:26:16.627+08:00  INFO 36580 --- [           main] com.zaxxer.hikari.HikariDataSource       : HikariPool-1 - Start completed.
2026-05-14T19:26:16.636+08:00  INFO 36580 --- [           main] o.s.b.a.h2.H2ConsoleAutoConfiguration    : H2 console available at '/h2-console'. Database available at 'jdbc:h2:file:./data/auto_grading_demo'
2026-05-14T19:26:16.731+08:00  INFO 36580 --- [           main] o.hibernate.jpa.internal.util.LogHelper  : HHH000204: Processing PersistenceUnitInfo [name: default]
2026-05-14T19:26:16.785+08:00  INFO 36580 --- [           main] org.hibernate.Version                    : HHH000412: Hibernate ORM core version 6.5.3.Final
2026-05-14T19:26:16.821+08:00  INFO 36580 --- [           main] o.h.c.internal.RegionFactoryInitiator    : HHH000026: Second-level cache disabled
2026-05-14T19:26:17.079+08:00  INFO 36580 --- [           main] o.s.o.j.p.SpringPersistenceUnitInfo      : No LoadTimeWeaver setup: ignoring JPA class transformer
2026-05-14T19:26:18.057+08:00  INFO 36580 --- [           main] o.h.e.t.j.p.i.JtaPlatformInitiator       : HHH000489: No JTA platform available (set 'hibernate.transaction.jta.platform' to enable JTA platform integration)
2026-05-14T19:26:18.118+08:00  INFO 36580 --- [           main] j.LocalContainerEntityManagerFactoryBean : Initialized JPA EntityManagerFactory for persistence unit 'default'
2026-05-14T19:26:18.479+08:00  INFO 36580 --- [           main] o.s.d.j.r.query.QueryEnhancerFactory     : Hibernate is in classpath; If applicable, HQL parser will be used.
2026-05-14T19:26:19.464+08:00  INFO 36580 --- [           main] o.s.b.a.w.s.WelcomePageHandlerMapping    : Adding welcome page: class path resource [static/index.html]
2026-05-14T19:26:19.754+08:00  INFO 36580 --- [           main] o.s.b.w.embedded.tomcat.TomcatWebServer  : Tomcat started on port 8080 (http) with context path '/'
2026-05-14T19:26:19.761+08:00  INFO 36580 --- [           main] c.g.a.AssignmentAutoGradingApplication   : Started AssignmentAutoGradingApplication in 5.628 seconds (process running for 6.051)
2026-05-14T19:26:19.948+08:00  INFO 36580 --- [           main] c.g.a.config.StartupAccessHelper         : System entry: http://localhost:8080/#/login
2026-05-14T19:26:19.948+08:00  INFO 36580 --- [           main] c.g.a.config.StartupAccessHelper         : LAN access: http://10.62.25.247:8080/#/login
2026-05-14T19:29:15.093+08:00  INFO 36580 --- [nio-8080-exec-1] o.a.c.c.C.[Tomcat].[localhost].[/]       : Initializing Spring DispatcherServlet 'dispatcherServlet'
2026-05-14T19:29:15.093+08:00  INFO 36580 --- [nio-8080-exec-1] o.s.web.servlet.DispatcherServlet        : Initializing Servlet 'dispatcherServlet'
2026-05-14T19:29:15.095+08:00  INFO 36580 --- [nio-8080-exec-1] o.s.web.servlet.DispatcherServlet        : Completed initialization in 1 ms
[INFO] ------------------------------------------------------------------------
[INFO] BUILD FAILURE
[INFO] ------------------------------------------------------------------------
[INFO] Total time:  15:48 min
[INFO] Finished at: 2026-05-14T19:41:51+08:00
[INFO] ------------------------------------------------------------------------
[ERROR] Failed to execute goal org.springframework.boot:spring-boot-maven-plugin:3.3.5:run (default-cli) on project assignment-auto-grading: Process terminated with exit code: -1 -> [Help 1]
[ERROR] 
[ERROR] To see the full stack trace of the errors, re-run Maven with the -e switch.
[ERROR] Re-run Maven using the -X switch to enable full debug logging.
[ERROR] 
[ERROR] For more information about the errors and possible solutions, please read the following articles:
[ERROR] [Help 1] http://cwiki.apache.org/confluence/display/MAVEN/MojoExecutionException
